Training/evaluation parameters Namespace(adam_epsilon=1e-08, arch='bert', do_data=False, do_lower_case=True, do_test=False, do_train=True, epochs=6, eval_batch_size=8, eval_max_seq_len=256, fp16=False, fp16_opt_level='O1', grad_clip=1.0, gradient_accumulation_steps=1, learning_rate=2e-05, local_rank=-1, loss_scale=0, mode='min', monitor='valid_loss', n_gpu='0', predict_checkpoints=0, resume_path='', save_best=True, seed=42, sorted=1, train_batch_size=8, train_max_seq_len=256, valid_size=0.2, warmup_proportion=0.1, weight_decay=0.01)
initializing model
loading configuration file /home/home1/xw176/work/Bert-Multi-Label-Text-Classification/pybert/pretrain/bert/base-uncased/config.json
Model config {
  "architectures": [
    "BertForMaskedLM"
  ],
  "attention_probs_dropout_prob": 0.1,
  "finetuning_task": null,
  "hidden_act": "gelu",
  "hidden_dropout_prob": 0.1,
  "hidden_size": 768,
  "initializer_range": 0.02,
  "intermediate_size": 3072,
  "layer_norm_eps": 1e-12,
  "max_position_embeddings": 512,
  "num_attention_heads": 12,
  "num_hidden_layers": 12,
  "num_labels": 645,
  "output_attentions": false,
  "output_hidden_states": false,
  "pruned_heads": {},
  "torchscript": false,
  "type_vocab_size": 2,
  "vocab_size": 30522
}

loading weights file /home/home1/xw176/work/Bert-Multi-Label-Text-Classification/pybert/pretrain/bert/base-uncased/pytorch_model.bin
Weights of BertForMultiLable not initialized from pretrained model: ['classifier.weight', 'classifier.bias']
Weights from pretrained model not used in BertForMultiLable: ['cls.predictions.bias', 'cls.predictions.transform.dense.weight', 'cls.predictions.transform.dense.bias', 'cls.predictions.decoder.weight', 'cls.seq_relationship.weight', 'cls.seq_relationship.bias', 'cls.predictions.transform.LayerNorm.weight', 'cls.predictions.transform.LayerNorm.bias']
initializing callbacks
***** Running training *****
  Num Epochs = 6
  Total train batch size (w. parallel, distributed & accumulation) = 8
  Gradient Accumulation steps = 1
  Total optimization steps = 200000
Warning: There's no GPU available on this machine, training will be performed on CPU.
Warning: The number of GPU's configured to use is 0, but only 0 are available on this machine.
Epoch 1/6
summary 1/5: summary_1600
Loading examples from cached file /home/home1/xw176/work/Bert-Multi-Label-Text-Classification/pybert/dataset/summary_pickle/cached_train_examples_bert
Loading features from cached file /home/home1/xw176/work/Bert-Multi-Label-Text-Classification/pybert/dataset/summary_pickle/cached_train_features_256_bert
sorted data by th length of input
Loading examples from cached file /home/home1/xw176/work/Bert-Multi-Label-Text-Classification/pybert/dataset/summary_pickle/cached_valid_examples_bert
Loading features from cached file /home/home1/xw176/work/Bert-Multi-Label-Text-Classification/pybert/dataset/summary_pickle/cached_valid_features_256_bert
summary 2/5: summary_2400
Loading examples from cached file /home/home1/xw176/work/Bert-Multi-Label-Text-Classification/pybert/dataset/summary_pickle/cached_train_examples_bert
Loading features from cached file /home/home1/xw176/work/Bert-Multi-Label-Text-Classification/pybert/dataset/summary_pickle/cached_train_features_256_bert
sorted data by th length of input
Loading examples from cached file /home/home1/xw176/work/Bert-Multi-Label-Text-Classification/pybert/dataset/summary_pickle/cached_valid_examples_bert
Loading features from cached file /home/home1/xw176/work/Bert-Multi-Label-Text-Classification/pybert/dataset/summary_pickle/cached_valid_features_256_bert
summary 3/5: summary_2401
Loading examples from cached file /home/home1/xw176/work/Bert-Multi-Label-Text-Classification/pybert/dataset/summary_pickle/cached_train_examples_bert
Loading features from cached file /home/home1/xw176/work/Bert-Multi-Label-Text-Classification/pybert/dataset/summary_pickle/cached_train_features_256_bert
sorted data by th length of input
Loading examples from cached file /home/home1/xw176/work/Bert-Multi-Label-Text-Classification/pybert/dataset/summary_pickle/cached_valid_examples_bert
Loading features from cached file /home/home1/xw176/work/Bert-Multi-Label-Text-Classification/pybert/dataset/summary_pickle/cached_valid_features_256_bert
summary 4/5: summary_2402
Loading examples from cached file /home/home1/xw176/work/Bert-Multi-Label-Text-Classification/pybert/dataset/summary_pickle/cached_train_examples_bert
Loading features from cached file /home/home1/xw176/work/Bert-Multi-Label-Text-Classification/pybert/dataset/summary_pickle/cached_train_features_256_bert
sorted data by th length of input
Loading examples from cached file /home/home1/xw176/work/Bert-Multi-Label-Text-Classification/pybert/dataset/summary_pickle/cached_valid_examples_bert
Loading features from cached file /home/home1/xw176/work/Bert-Multi-Label-Text-Classification/pybert/dataset/summary_pickle/cached_valid_features_256_bert
summary 5/5: summary_2405
Loading examples from cached file /home/home1/xw176/work/Bert-Multi-Label-Text-Classification/pybert/dataset/summary_pickle/cached_train_examples_bert
Loading features from cached file /home/home1/xw176/work/Bert-Multi-Label-Text-Classification/pybert/dataset/summary_pickle/cached_train_features_256_bert
sorted data by th length of input
Loading examples from cached file /home/home1/xw176/work/Bert-Multi-Label-Text-Classification/pybert/dataset/summary_pickle/cached_valid_examples_bert
Loading features from cached file /home/home1/xw176/work/Bert-Multi-Label-Text-Classification/pybert/dataset/summary_pickle/cached_valid_features_256_bert
Epoch 2/6
summary 1/5: summary_1600
Loading examples from cached file /home/home1/xw176/work/Bert-Multi-Label-Text-Classification/pybert/dataset/summary_pickle/cached_train_examples_bert
Loading features from cached file /home/home1/xw176/work/Bert-Multi-Label-Text-Classification/pybert/dataset/summary_pickle/cached_train_features_256_bert
sorted data by th length of input
Loading examples from cached file /home/home1/xw176/work/Bert-Multi-Label-Text-Classification/pybert/dataset/summary_pickle/cached_valid_examples_bert
Loading features from cached file /home/home1/xw176/work/Bert-Multi-Label-Text-Classification/pybert/dataset/summary_pickle/cached_valid_features_256_bert
summary 2/5: summary_2400
Loading examples from cached file /home/home1/xw176/work/Bert-Multi-Label-Text-Classification/pybert/dataset/summary_pickle/cached_train_examples_bert
Loading features from cached file /home/home1/xw176/work/Bert-Multi-Label-Text-Classification/pybert/dataset/summary_pickle/cached_train_features_256_bert
sorted data by th length of input
Loading examples from cached file /home/home1/xw176/work/Bert-Multi-Label-Text-Classification/pybert/dataset/summary_pickle/cached_valid_examples_bert
Loading features from cached file /home/home1/xw176/work/Bert-Multi-Label-Text-Classification/pybert/dataset/summary_pickle/cached_valid_features_256_bert
summary 3/5: summary_2401
Loading examples from cached file /home/home1/xw176/work/Bert-Multi-Label-Text-Classification/pybert/dataset/summary_pickle/cached_train_examples_bert
Loading features from cached file /home/home1/xw176/work/Bert-Multi-Label-Text-Classification/pybert/dataset/summary_pickle/cached_train_features_256_bert
sorted data by th length of input
Loading examples from cached file /home/home1/xw176/work/Bert-Multi-Label-Text-Classification/pybert/dataset/summary_pickle/cached_valid_examples_bert
Loading features from cached file /home/home1/xw176/work/Bert-Multi-Label-Text-Classification/pybert/dataset/summary_pickle/cached_valid_features_256_bert
summary 4/5: summary_2402
Loading examples from cached file /home/home1/xw176/work/Bert-Multi-Label-Text-Classification/pybert/dataset/summary_pickle/cached_train_examples_bert
Loading features from cached file /home/home1/xw176/work/Bert-Multi-Label-Text-Classification/pybert/dataset/summary_pickle/cached_train_features_256_bert
sorted data by th length of input
Loading examples from cached file /home/home1/xw176/work/Bert-Multi-Label-Text-Classification/pybert/dataset/summary_pickle/cached_valid_examples_bert
Loading features from cached file /home/home1/xw176/work/Bert-Multi-Label-Text-Classification/pybert/dataset/summary_pickle/cached_valid_features_256_bert
