Training/evaluation parameters Namespace(adam_epsilon=1e-08, arch='bert', do_data=False, do_lower_case=False, do_test=True, do_train=False, epochs=10, eval_batch_size=8, eval_max_seq_len=256, fp16=False, fp16_opt_level='O1', grad_clip=1.0, gradient_accumulation_steps=1, learning_rate=2e-05, local_rank=-1, loss_scale=0, mode='min', monitor='valid_loss', n_gpu='0', predict_checkpoints=0, resume_path='', save_best=False, seed=42, sorted=1, train_batch_size=8, train_max_seq_len=256, valid_size=0.2, warmup_proportion=0.1, weight_decay=0.01)
loading file https://s3.amazonaws.com/models.huggingface.co/bert/bert-base-multilingual-cased-vocab.txt from cache at /home/home1/xw176/.cache/torch/pytorch_transformers/96435fa287fbf7e469185f1062386e05a075cadbf6838b74da22bf64b080bc32.99bcd55fc66f4f3360bc49ba472b940b8dcf223ea6a345deb969d607ca900729
Saving examples into cached file /home/home1/xw176/work/Bert-Multi-Label-Text-Classification/pybert/dataset/summary_pickle/t_cached_test_examples_bert
*** Example ***
guid: test-0
tokens: [CLS] True ; Ele ##kt ##rische ##r St ##eck ##ver ##binder für Signal ##über ##tragung mit hoher Geschwindigkeit ; Electrical connect ##or for high speed signal transmission ; Con ##nect ##eur électrique pour cable de transmission de sign ##aux à grande vitesse ; Ele ##kt ##rische ##r St ##eck ##ver ##binder für Signal ##über ##tragung mit hoher Geschwindigkeit ; Electrical connect ##or for high speed signal transmission ; Con ##nect ##eur électrique pour cable de transmission de sign ##aux à grande vitesse ; Ele ##kt ##rische ##r St ##eck ##ver ##binder für Signal ##über ##tragung mit hoher Geschwindigkeit ; Electrical connect ##or for high speed signal transmission ; Con ##nect ##eur électrique pour cable de transmission de sign ##aux à grande vitesse ; A high frequency connect ##or having a main housing having an open moun ##ting side , a cable side and a partition at the cable side def ##ining two com ##part ##ments where each com ##part ##ment is in communication with the moun ##ting side and the cable side ; a plural ##ity of contacts , where a pair of contacts are position ##ed in the com ##part ##ments such that the contacts are exposed from matin ##g with a complement ##ary electrical interface on the matin ##g side and wire ##s of a cable on the cable side ; and a rear cover that is fit ##table to the main housing on the cable side in order to close the open cable side and cover the exposed contacts there ##in where [SEP]
input_ids: 101 24079 132 16561 12495 39003 10129 10838 26721 12563 89235 10307 52293 102894 78628 10221 61207 91066 132 77412 58415 10667 10142 11846 19085 25495 35283 132 12845 110395 12986 54340 10322 34995 10104 35283 10104 26794 16946 254 11439 32832 132 16561 12495 39003 10129 10838 26721 12563 89235 10307 52293 102894 78628 10221 61207 91066 132 77412 58415 10667 10142 11846 19085 25495 35283 132 12845 110395 12986 54340 10322 34995 10104 35283 10104 26794 16946 254 11439 32832 132 16561 12495 39003 10129 10838 26721 12563 89235 10307 52293 102894 78628 10221 61207 91066 132 77412 58415 10667 10142 11846 19085 25495 35283 132 12845 110395 12986 54340 10322 34995 10104 35283 10104 26794 16946 254 11439 32832 132 138 11846 38387 58415 10667 13677 169 12126 24116 13677 10151 14087 19834 12141 12250 117 169 34995 12250 10111 169 96787 10160 10105 34995 12250 100745 23025 10551 10212 48433 14542 10940 11948 10212 48433 10426 10124 10106 24990 10169 10105 19834 12141 12250 10111 10105 34995 12250 132 169 54283 11949 10108 75091 117 10940 169 27643 10108 75091 10301 12956 10336 10106 10105 10212 48433 14542 11049 10189 10105 75091 10301 53305 10188 64230 10240 10169 169 106391 14926 50323 38819 10135 10105 64230 10240 12250 10111 68033 10107 10108 169 34995 10135 10105 34995 12250 132 10111 169 31845 16068 10189 10124 21635 30434 10114 10105 12126 24116 10135 10105 34995 12250 10106 12990 10114 16065 10105 14087 34995 12250 10111 16068 10105 53305 75091 11155 10245 10940 102
input_mask: 1 1 1 1 1 1 1 1 1 1 1 1 1 1 1 1 1 1 1 1 1 1 1 1 1 1 1 1 1 1 1 1 1 1 1 1 1 1 1 1 1 1 1 1 1 1 1 1 1 1 1 1 1 1 1 1 1 1 1 1 1 1 1 1 1 1 1 1 1 1 1 1 1 1 1 1 1 1 1 1 1 1 1 1 1 1 1 1 1 1 1 1 1 1 1 1 1 1 1 1 1 1 1 1 1 1 1 1 1 1 1 1 1 1 1 1 1 1 1 1 1 1 1 1 1 1 1 1 1 1 1 1 1 1 1 1 1 1 1 1 1 1 1 1 1 1 1 1 1 1 1 1 1 1 1 1 1 1 1 1 1 1 1 1 1 1 1 1 1 1 1 1 1 1 1 1 1 1 1 1 1 1 1 1 1 1 1 1 1 1 1 1 1 1 1 1 1 1 1 1 1 1 1 1 1 1 1 1 1 1 1 1 1 1 1 1 1 1 1 1 1 1 1 1 1 1 1 1 1 1 1 1 1 1 1 1 1 1 1 1 1 1 1 1 1 1 1 1 1 1 1 1 1 1 1 1
segment_ids: 0 0 0 0 0 0 0 0 0 0 0 0 0 0 0 0 0 0 0 0 0 0 0 0 0 0 0 0 0 0 0 0 0 0 0 0 0 0 0 0 0 0 0 0 0 0 0 0 0 0 0 0 0 0 0 0 0 0 0 0 0 0 0 0 0 0 0 0 0 0 0 0 0 0 0 0 0 0 0 0 0 0 0 0 0 0 0 0 0 0 0 0 0 0 0 0 0 0 0 0 0 0 0 0 0 0 0 0 0 0 0 0 0 0 0 0 0 0 0 0 0 0 0 0 0 0 0 0 0 0 0 0 0 0 0 0 0 0 0 0 0 0 0 0 0 0 0 0 0 0 0 0 0 0 0 0 0 0 0 0 0 0 0 0 0 0 0 0 0 0 0 0 0 0 0 0 0 0 0 0 0 0 0 0 0 0 0 0 0 0 0 0 0 0 0 0 0 0 0 0 0 0 0 0 0 0 0 0 0 0 0 0 0 0 0 0 0 0 0 0 0 0 0 0 0 0 0 0 0 0 0 0 0 0 0 0 0 0 0 0 0 0 0 0 0 0 0 0 0 0 0 0 0 0 0 0
*** Example ***
guid: test-1
tokens: [CLS] True ; Ele ##kt ##rische ##r St ##eck ##ver ##binder für Signal ##über ##tragung mit hoher Geschwindigkeit ; Electrical connect ##or for high speed signal transmission ; Con ##nect ##eur électrique pour cable de transmission de sign ##aux à grande vitesse ; Ele ##kt ##rische ##r St ##eck ##ver ##binder für Signal ##über ##tragung mit hoher Geschwindigkeit ; Electrical connect ##or for high speed signal transmission ; Con ##nect ##eur électrique pour cable de transmission de sign ##aux à grande vitesse ; Ele ##kt ##rische ##r St ##eck ##ver ##binder für Signal ##über ##tragung mit hoher Geschwindigkeit ; Electrical connect ##or for high speed signal transmission ; Con ##nect ##eur électrique pour cable de transmission de sign ##aux à grande vitesse ; A high frequency connect ##or having a main housing having an open moun ##ting side , a cable side and a partition at the cable side def ##ining two com ##part ##ments where each com ##part ##ment is in communication with the moun ##ting side and the cable side ; a plural ##ity of contacts , where a pair of contacts are position ##ed in the com ##part ##ments such that the contacts are exposed from matin ##g with a complement ##ary electrical interface on the matin ##g side and wire ##s of a cable on the cable side ; and a rear cover that is fit ##table to the main housing on the cable side in order to close the open cable side and cover the exposed contacts there ##in where [SEP]
input_ids: 101 24079 132 16561 12495 39003 10129 10838 26721 12563 89235 10307 52293 102894 78628 10221 61207 91066 132 77412 58415 10667 10142 11846 19085 25495 35283 132 12845 110395 12986 54340 10322 34995 10104 35283 10104 26794 16946 254 11439 32832 132 16561 12495 39003 10129 10838 26721 12563 89235 10307 52293 102894 78628 10221 61207 91066 132 77412 58415 10667 10142 11846 19085 25495 35283 132 12845 110395 12986 54340 10322 34995 10104 35283 10104 26794 16946 254 11439 32832 132 16561 12495 39003 10129 10838 26721 12563 89235 10307 52293 102894 78628 10221 61207 91066 132 77412 58415 10667 10142 11846 19085 25495 35283 132 12845 110395 12986 54340 10322 34995 10104 35283 10104 26794 16946 254 11439 32832 132 138 11846 38387 58415 10667 13677 169 12126 24116 13677 10151 14087 19834 12141 12250 117 169 34995 12250 10111 169 96787 10160 10105 34995 12250 100745 23025 10551 10212 48433 14542 10940 11948 10212 48433 10426 10124 10106 24990 10169 10105 19834 12141 12250 10111 10105 34995 12250 132 169 54283 11949 10108 75091 117 10940 169 27643 10108 75091 10301 12956 10336 10106 10105 10212 48433 14542 11049 10189 10105 75091 10301 53305 10188 64230 10240 10169 169 106391 14926 50323 38819 10135 10105 64230 10240 12250 10111 68033 10107 10108 169 34995 10135 10105 34995 12250 132 10111 169 31845 16068 10189 10124 21635 30434 10114 10105 12126 24116 10135 10105 34995 12250 10106 12990 10114 16065 10105 14087 34995 12250 10111 16068 10105 53305 75091 11155 10245 10940 102
input_mask: 1 1 1 1 1 1 1 1 1 1 1 1 1 1 1 1 1 1 1 1 1 1 1 1 1 1 1 1 1 1 1 1 1 1 1 1 1 1 1 1 1 1 1 1 1 1 1 1 1 1 1 1 1 1 1 1 1 1 1 1 1 1 1 1 1 1 1 1 1 1 1 1 1 1 1 1 1 1 1 1 1 1 1 1 1 1 1 1 1 1 1 1 1 1 1 1 1 1 1 1 1 1 1 1 1 1 1 1 1 1 1 1 1 1 1 1 1 1 1 1 1 1 1 1 1 1 1 1 1 1 1 1 1 1 1 1 1 1 1 1 1 1 1 1 1 1 1 1 1 1 1 1 1 1 1 1 1 1 1 1 1 1 1 1 1 1 1 1 1 1 1 1 1 1 1 1 1 1 1 1 1 1 1 1 1 1 1 1 1 1 1 1 1 1 1 1 1 1 1 1 1 1 1 1 1 1 1 1 1 1 1 1 1 1 1 1 1 1 1 1 1 1 1 1 1 1 1 1 1 1 1 1 1 1 1 1 1 1 1 1 1 1 1 1 1 1 1 1 1 1 1 1 1 1 1 1
segment_ids: 0 0 0 0 0 0 0 0 0 0 0 0 0 0 0 0 0 0 0 0 0 0 0 0 0 0 0 0 0 0 0 0 0 0 0 0 0 0 0 0 0 0 0 0 0 0 0 0 0 0 0 0 0 0 0 0 0 0 0 0 0 0 0 0 0 0 0 0 0 0 0 0 0 0 0 0 0 0 0 0 0 0 0 0 0 0 0 0 0 0 0 0 0 0 0 0 0 0 0 0 0 0 0 0 0 0 0 0 0 0 0 0 0 0 0 0 0 0 0 0 0 0 0 0 0 0 0 0 0 0 0 0 0 0 0 0 0 0 0 0 0 0 0 0 0 0 0 0 0 0 0 0 0 0 0 0 0 0 0 0 0 0 0 0 0 0 0 0 0 0 0 0 0 0 0 0 0 0 0 0 0 0 0 0 0 0 0 0 0 0 0 0 0 0 0 0 0 0 0 0 0 0 0 0 0 0 0 0 0 0 0 0 0 0 0 0 0 0 0 0 0 0 0 0 0 0 0 0 0 0 0 0 0 0 0 0 0 0 0 0 0 0 0 0 0 0 0 0 0 0 0 0 0 0 0 0
Saving features into cached file /home/home1/xw176/work/Bert-Multi-Label-Text-Classification/pybert/dataset/summary_pickle/t_cached_test_features_256_bert
loading configuration file /home/home1/xw176/work/Bert-Multi-Label-Text-Classification/pybert/output/checkpoints/bert/config.json
Model config {
  "architectures": [
    "BertForMaskedLM"
  ],
  "attention_probs_dropout_prob": 0.1,
  "directionality": "bidi",
  "finetuning_task": null,
  "hidden_act": "gelu",
  "hidden_dropout_prob": 0.1,
  "hidden_size": 768,
  "initializer_range": 0.02,
  "intermediate_size": 3072,
  "layer_norm_eps": 1e-12,
  "max_position_embeddings": 512,
  "num_attention_heads": 12,
  "num_hidden_layers": 12,
  "num_labels": 645,
  "output_attentions": false,
  "output_hidden_states": false,
  "pooler_fc_size": 768,
  "pooler_num_attention_heads": 12,
  "pooler_num_fc_layers": 3,
  "pooler_size_per_head": 128,
  "pooler_type": "first_token_transform",
  "pruned_heads": {},
  "torchscript": false,
  "type_vocab_size": 2,
  "vocab_size": 119547
}

loading weights file /home/home1/xw176/work/Bert-Multi-Label-Text-Classification/pybert/output/checkpoints/bert/pytorch_model.bin
model predicting....
Warning: There's no GPU available on this machine, training will be performed on CPU.
Warning: The number of GPU's configured to use is 0, but only 0 are available on this machine.
